<?xml version="1.0" encoding="UTF-8"?>
<!-- Generated by org.testng.reporters.JUnitReportReporter -->
<testsuite skipped="0" hostname="Eys" name="com.set.appium.testcase.contack.ContactTesk" tests="1" failures="0" timestamp="07 十一月 2017 16:54:35 GMT" time="35.591" errors="0">
  <testcase name="test" time="35.591" classname="com.set.appium.testcase.contack.ContactTesk"/>
</testsuite> <!-- com.set.appium.testcase.contack.ContactTesk -->
